# JRE version: OpenJDK Runtime Environment Temurin-21.0.10+7 (21.0.10+7) (build 21.0.10+7-LTS)
# Java VM: OpenJDK 64-Bit Server VM Temurin-21.0.10+7 (21.0.10+7-LTS, mixed mode, sharing, tiered, compressed oops, compressed class ptrs, parallel gc, windows-amd64)
GC Precious Log:
 CardTable entry size: 512
 CPUs: 12 total, 12 available
 Memory: 16024M
 Large Page Support: Disabled
 NUMA Support: Disabled
 Compressed Oops: Enabled (32-bit)
 Alignments: Space 512K, Generation 512K, Heap 2M
 Heap Min Capacity: 100M
 Heap Initial Capacity: 100M
 Heap Max Capacity: 2G
 Pre-touch: Disabled
 Parallel Workers: 10
Heap:
 PSYoungGen      total 15360K, used 11355K [0x00000000d5580000, 0x00000000d6680000, 0x0000000100000000)
  eden space 13312K, 72% used [0x00000000d5580000,0x00000000d5eed530,0x00000000d6280000)
  from space 2048K, 83% used [0x00000000d6280000,0x00000000d6429790,0x00000000d6480000)
  to   space 2048K, 0% used [0x00000000d6480000,0x00000000d6480000,0x00000000d6680000)
 ParOldGen       total 75264K, used 74979K [0x0000000080000000, 0x0000000084980000, 0x00000000d5580000)
  object space 75264K, 99% used [0x0000000080000000,0x0000000084938c48,0x0000000084980000)
 Metaspace       used 62368K, committed 63808K, reserved 1114112K
  class space    used 6608K, committed 7232K, reserved 1048576K
GC Heap History (20 events):
Event: 16.517 GC heap before
{Heap before GC invocations=85 (full 3):
 PSYoungGen      total 15872K, used 15232K [0x00000000d5580000, 0x00000000d6600000, 0x0000000100000000)
  eden space 14336K, 100% used [0x00000000d5580000,0x00000000d6380000,0x00000000d6380000)
  from space 1536K, 58% used [0x00000000d6380000,0x00000000d6460000,0x00000000d6500000)
  to   space 1024K, 0% used [0x00000000d6500000,0x00000000d6500000,0x00000000d6600000)
 ParOldGen       total 71680K, used 68472K [0x0000000080000000, 0x0000000084600000, 0x00000000d5580000)
  object space 71680K, 95% used [0x0000000080000000,0x00000000842de228,0x0000000084600000)
 Metaspace       used 59153K, committed 60608K, reserved 1114112K
  class space    used 6336K, committed 6976K, reserved 1048576K
}
Event: 16.519 GC heap after
{Heap after GC invocations=85 (full 3):
 PSYoungGen      total 14848K, used 448K [0x00000000d5580000, 0x00000000d6580000, 0x0000000100000000)
  eden space 14336K, 0% used [0x00000000d5580000,0x00000000d5580000,0x00000000d6380000)
  from space 512K, 87% used [0x00000000d6500000,0x00000000d6570000,0x00000000d6580000)
  to   space 1024K, 0% used [0x00000000d6380000,0x00000000d6380000,0x00000000d6480000)
 ParOldGen       total 71680K, used 69192K [0x0000000080000000, 0x0000000084600000, 0x00000000d5580000)
  object space 71680K, 96% used [0x0000000080000000,0x0000000084392228,0x0000000084600000)
 Metaspace       used 59153K, committed 60608K, reserved 1114112K
  class space    used 6336K, committed 6976K, reserved 1048576K
}
Event: 16.542 GC heap before
{Heap before GC invocations=86 (full 3):
 PSYoungGen      total 14848K, used 14784K [0x00000000d5580000, 0x00000000d6580000, 0x0000000100000000)
  eden space 14336K, 100% used [0x00000000d5580000,0x00000000d6380000,0x00000000d6380000)
  from space 512K, 87% used [0x00000000d6500000,0x00000000d6570000,0x00000000d6580000)
  to   space 1024K, 0% used [0x00000000d6380000,0x00000000d6380000,0x00000000d6480000)
 ParOldGen       total 71680K, used 69192K [0x0000000080000000, 0x0000000084600000, 0x00000000d5580000)
  object space 71680K, 96% used [0x0000000080000000,0x0000000084392228,0x0000000084600000)
 Metaspace       used 59155K, committed 60608K, reserved 1114112K
  class space    used 6336K, committed 6976K, reserved 1048576K
}
Event: 16.544 GC heap after
{Heap after GC invocations=86 (full 3):
 PSYoungGen      total 15360K, used 544K [0x00000000d5580000, 0x00000000d6580000, 0x0000000100000000)
  eden space 14336K, 0% used [0x00000000d5580000,0x00000000d5580000,0x00000000d6380000)
  from space 1024K, 53% used [0x00000000d6380000,0x00000000d6408000,0x00000000d6480000)
  to   space 1024K, 0% used [0x00000000d6480000,0x00000000d6480000,0x00000000d6580000)
 ParOldGen       total 71680K, used 70298K [0x0000000080000000, 0x0000000084600000, 0x00000000d5580000)
  object space 71680K, 98% used [0x0000000080000000,0x00000000844a68d8,0x0000000084600000)
 Metaspace       used 59155K, committed 60608K, reserved 1114112K
  class space    used 6336K, committed 6976K, reserved 1048576K
}
Event: 16.568 GC heap before
{Heap before GC invocations=87 (full 3):
 PSYoungGen      total 15360K, used 14880K [0x00000000d5580000, 0x00000000d6580000, 0x0000000100000000)
  eden space 14336K, 100% used [0x00000000d5580000,0x00000000d6380000,0x00000000d6380000)
  from space 1024K, 53% used [0x00000000d6380000,0x00000000d6408000,0x00000000d6480000)
  to   space 1024K, 0% used [0x00000000d6480000,0x00000000d6480000,0x00000000d6580000)
 ParOldGen       total 71680K, used 70298K [0x0000000080000000, 0x0000000084600000, 0x00000000d5580000)
  object space 71680K, 98% used [0x0000000080000000,0x00000000844a68d8,0x0000000084600000)
 Metaspace       used 59158K, committed 60608K, reserved 1114112K
  class space    used 6336K, committed 6976K, reserved 1048576K
}
Event: 16.570 GC heap after
{Heap after GC invocations=87 (full 3):
 PSYoungGen      total 15360K, used 661K [0x00000000d5580000, 0x00000000d6580000, 0x0000000100000000)
  eden space 14336K, 0% used [0x00000000d5580000,0x00000000d5580000,0x00000000d6380000)
  from space 1024K, 64% used [0x00000000d6480000,0x00000000d6525458,0x00000000d6580000)
  to   space 1024K, 0% used [0x00000000d6380000,0x00000000d6380000,0x00000000d6480000)
 ParOldGen       total 71680K, used 70730K [0x0000000080000000, 0x0000000084600000, 0x00000000d5580000)
  object space 71680K, 98% used [0x0000000080000000,0x0000000084512a20,0x0000000084600000)
 Metaspace       used 59158K, committed 60608K, reserved 1114112K
  class space    used 6336K, committed 6976K, reserved 1048576K
}
Event: 16.591 GC heap before
{Heap before GC invocations=88 (full 3):
 PSYoungGen      total 15360K, used 14997K [0x00000000d5580000, 0x00000000d6580000, 0x0000000100000000)
  eden space 14336K, 100% used [0x00000000d5580000,0x00000000d6380000,0x00000000d6380000)
  from space 1024K, 64% used [0x00000000d6480000,0x00000000d6525458,0x00000000d6580000)
  to   space 1024K, 0% used [0x00000000d6380000,0x00000000d6380000,0x00000000d6480000)
 ParOldGen       total 71680K, used 70730K [0x0000000080000000, 0x0000000084600000, 0x00000000d5580000)
  object space 71680K, 98% used [0x0000000080000000,0x0000000084512a20,0x0000000084600000)
 Metaspace       used 59161K, committed 60608K, reserved 1114112K
  class space    used 6336K, committed 6976K, reserved 1048576K
}
Event: 16.592 GC heap after
{Heap after GC invocations=88 (full 3):
 PSYoungGen      total 15360K, used 468K [0x00000000d5580000, 0x00000000d6580000, 0x0000000100000000)
  eden space 14336K, 0% used [0x00000000d5580000,0x00000000d5580000,0x00000000d6380000)
  from space 1024K, 45% used [0x00000000d6380000,0x00000000d63f52c0,0x00000000d6480000)
  to   space 1024K, 0% used [0x00000000d6480000,0x00000000d6480000,0x00000000d6580000)
 ParOldGen       total 71680K, used 71174K [0x0000000080000000, 0x0000000084600000, 0x00000000d5580000)
  object space 71680K, 99% used [0x0000000080000000,0x0000000084581828,0x0000000084600000)
 Metaspace       used 59161K, committed 60608K, reserved 1114112K
  class space    used 6336K, committed 6976K, reserved 1048576K
}
Event: 16.613 GC heap before
{Heap before GC invocations=89 (full 3):
 PSYoungGen      total 15360K, used 14804K [0x00000000d5580000, 0x00000000d6580000, 0x0000000100000000)
  eden space 14336K, 100% used [0x00000000d5580000,0x00000000d6380000,0x00000000d6380000)
  from space 1024K, 45% used [0x00000000d6380000,0x00000000d63f52c0,0x00000000d6480000)
  to   space 1024K, 0% used [0x00000000d6480000,0x00000000d6480000,0x00000000d6580000)
 ParOldGen       total 71680K, used 71174K [0x0000000080000000, 0x0000000084600000, 0x00000000d5580000)
  object space 71680K, 99% used [0x0000000080000000,0x0000000084581828,0x0000000084600000)
 Metaspace       used 59161K, committed 60608K, reserved 1114112K
  class space    used 6336K, committed 6976K, reserved 1048576K
}
Event: 16.615 GC heap after
{Heap after GC invocations=89 (full 3):
 PSYoungGen      total 15360K, used 529K [0x00000000d5580000, 0x00000000d6580000, 0x0000000100000000)
  eden space 14336K, 0% used [0x00000000d5580000,0x00000000d5580000,0x00000000d6380000)
  from space 1024K, 51% used [0x00000000d6480000,0x00000000d65047d0,0x00000000d6580000)
  to   space 1024K, 0% used [0x00000000d6380000,0x00000000d6380000,0x00000000d6480000)
 ParOldGen       total 71680K, used 71418K [0x0000000080000000, 0x0000000084600000, 0x00000000d5580000)
  object space 71680K, 99% used [0x0000000080000000,0x00000000845beae8,0x0000000084600000)
 Metaspace       used 59161K, committed 60608K, reserved 1114112K
  class space    used 6336K, committed 6976K, reserved 1048576K
}
Event: 16.643 GC heap before
{Heap before GC invocations=90 (full 3):
 PSYoungGen      total 15360K, used 14865K [0x00000000d5580000, 0x00000000d6580000, 0x0000000100000000)
  eden space 14336K, 100% used [0x00000000d5580000,0x00000000d6380000,0x00000000d6380000)
  from space 1024K, 51% used [0x00000000d6480000,0x00000000d65047d0,0x00000000d6580000)
  to   space 1024K, 0% used [0x00000000d6380000,0x00000000d6380000,0x00000000d6480000)
 ParOldGen       total 71680K, used 71418K [0x0000000080000000, 0x0000000084600000, 0x00000000d5580000)
  object space 71680K, 99% used [0x0000000080000000,0x00000000845beae8,0x0000000084600000)
 Metaspace       used 59162K, committed 60608K, reserved 1114112K
  class space    used 6336K, committed 6976K, reserved 1048576K
}
Event: 16.645 GC heap after
{Heap after GC invocations=90 (full 3):
 PSYoungGen      total 15360K, used 416K [0x00000000d5580000, 0x00000000d6500000, 0x0000000100000000)
  eden space 14336K, 0% used [0x00000000d5580000,0x00000000d5580000,0x00000000d6380000)
  from space 1024K, 40% used [0x00000000d6380000,0x00000000d63e8000,0x00000000d6480000)
  to   space 512K, 0% used [0x00000000d6480000,0x00000000d6480000,0x00000000d6500000)
 ParOldGen       total 72192K, used 71693K [0x0000000080000000, 0x0000000084680000, 0x00000000d5580000)
  object space 72192K, 99% used [0x0000000080000000,0x00000000846034f8,0x0000000084680000)
 Metaspace       used 59162K, committed 60608K, reserved 1114112K
  class space    used 6336K, committed 6976K, reserved 1048576K
}
Event: 16.811 GC heap before
{Heap before GC invocations=91 (full 3):
 PSYoungGen      total 15360K, used 14752K [0x00000000d5580000, 0x00000000d6500000, 0x0000000100000000)
  eden space 14336K, 100% used [0x00000000d5580000,0x00000000d6380000,0x00000000d6380000)
  from space 1024K, 40% used [0x00000000d6380000,0x00000000d63e8000,0x00000000d6480000)
  to   space 512K, 0% used [0x00000000d6480000,0x00000000d6480000,0x00000000d6500000)
 ParOldGen       total 72192K, used 71693K [0x0000000080000000, 0x0000000084680000, 0x00000000d5580000)
  object space 72192K, 99% used [0x0000000080000000,0x00000000846034f8,0x0000000084680000)
 Metaspace       used 60094K, committed 61440K, reserved 1114112K
  class space    used 6442K, committed 7040K, reserved 1048576K
}
Event: 16.814 GC heap after
{Heap after GC invocations=91 (full 3):
 PSYoungGen      total 14336K, used 488K [0x00000000d5580000, 0x00000000d6680000, 0x0000000100000000)
  eden space 13824K, 0% used [0x00000000d5580000,0x00000000d5580000,0x00000000d6300000)
  from space 512K, 95% used [0x00000000d6480000,0x00000000d64fa340,0x00000000d6500000)
  to   space 1536K, 0% used [0x00000000d6300000,0x00000000d6300000,0x00000000d6480000)
 ParOldGen       total 72704K, used 72320K [0x0000000080000000, 0x0000000084700000, 0x00000000d5580000)
  object space 72704K, 99% used [0x0000000080000000,0x00000000846a0248,0x0000000084700000)
 Metaspace       used 60094K, committed 61440K, reserved 1114112K
  class space    used 6442K, committed 7040K, reserved 1048576K
}
Event: 16.998 GC heap before
{Heap before GC invocations=92 (full 3):
 PSYoungGen      total 14336K, used 14312K [0x00000000d5580000, 0x00000000d6680000, 0x0000000100000000)
  eden space 13824K, 100% used [0x00000000d5580000,0x00000000d6300000,0x00000000d6300000)
  from space 512K, 95% used [0x00000000d6480000,0x00000000d64fa340,0x00000000d6500000)
  to   space 1536K, 0% used [0x00000000d6300000,0x00000000d6300000,0x00000000d6480000)
 ParOldGen       total 72704K, used 72320K [0x0000000080000000, 0x0000000084700000, 0x00000000d5580000)
  object space 72704K, 99% used [0x0000000080000000,0x00000000846a0248,0x0000000084700000)
 Metaspace       used 60790K, committed 62208K, reserved 1114112K
  class space    used 6499K, committed 7104K, reserved 1048576K
}
Event: 17.001 GC heap after
{Heap after GC invocations=92 (full 3):
 PSYoungGen      total 15360K, used 1177K [0x00000000d5580000, 0x00000000d6600000, 0x0000000100000000)
  eden space 13824K, 0% used [0x00000000d5580000,0x00000000d5580000,0x00000000d6300000)
  from space 1536K, 76% used [0x00000000d6300000,0x00000000d64264d0,0x00000000d6480000)
  to   space 1536K, 0% used [0x00000000d6480000,0x00000000d6480000,0x00000000d6600000)
 ParOldGen       total 73216K, used 72810K [0x0000000080000000, 0x0000000084780000, 0x00000000d5580000)
  object space 73216K, 99% used [0x0000000080000000,0x000000008471ab78,0x0000000084780000)
 Metaspace       used 60790K, committed 62208K, reserved 1114112K
  class space    used 6499K, committed 7104K, reserved 1048576K
}
Event: 17.343 GC heap before
{Heap before GC invocations=93 (full 3):
 PSYoungGen      total 15360K, used 15001K [0x00000000d5580000, 0x00000000d6600000, 0x0000000100000000)
  eden space 13824K, 100% used [0x00000000d5580000,0x00000000d6300000,0x00000000d6300000)
  from space 1536K, 76% used [0x00000000d6300000,0x00000000d64264d0,0x00000000d6480000)
  to   space 1536K, 0% used [0x00000000d6480000,0x00000000d6480000,0x00000000d6600000)
 ParOldGen       total 73216K, used 72810K [0x0000000080000000, 0x0000000084780000, 0x00000000d5580000)
  object space 73216K, 99% used [0x0000000080000000,0x000000008471ab78,0x0000000084780000)
 Metaspace       used 61534K, committed 62912K, reserved 1114112K
  class space    used 6581K, committed 7168K, reserved 1048576K
}
Event: 17.345 GC heap after
{Heap after GC invocations=93 (full 3):
 PSYoungGen      total 14848K, used 1496K [0x00000000d5580000, 0x00000000d6700000, 0x0000000100000000)
  eden space 13312K, 0% used [0x00000000d5580000,0x00000000d5580000,0x00000000d6280000)
  from space 1536K, 97% used [0x00000000d6480000,0x00000000d65f6358,0x00000000d6600000)
  to   space 2048K, 0% used [0x00000000d6280000,0x00000000d6280000,0x00000000d6480000)
 ParOldGen       total 74240K, used 73775K [0x0000000080000000, 0x0000000084880000, 0x00000000d5580000)
  object space 74240K, 99% used [0x0000000080000000,0x000000008480bf08,0x0000000084880000)
 Metaspace       used 61534K, committed 62912K, reserved 1114112K
  class space    used 6581K, committed 7168K, reserved 1048576K
}
Event: 17.703 GC heap before
{Heap before GC invocations=94 (full 3):
 PSYoungGen      total 14848K, used 14808K [0x00000000d5580000, 0x00000000d6700000, 0x0000000100000000)
  eden space 13312K, 100% used [0x00000000d5580000,0x00000000d6280000,0x00000000d6280000)
  from space 1536K, 97% used [0x00000000d6480000,0x00000000d65f6358,0x00000000d6600000)
  to   space 2048K, 0% used [0x00000000d6280000,0x00000000d6280000,0x00000000d6480000)
 ParOldGen       total 74240K, used 73775K [0x0000000080000000, 0x0000000084880000, 0x00000000d5580000)
  object space 74240K, 99% used [0x0000000080000000,0x000000008480bf08,0x0000000084880000)
 Metaspace       used 61919K, committed 63360K, reserved 1114112K
  class space    used 6595K, committed 7232K, reserved 1048576K
}
Event: 17.706 GC heap after
{Heap after GC invocations=94 (full 3):
 PSYoungGen      total 15360K, used 1701K [0x00000000d5580000, 0x00000000d6680000, 0x0000000100000000)
  eden space 13312K, 0% used [0x00000000d5580000,0x00000000d5580000,0x00000000d6280000)
  from space 2048K, 83% used [0x00000000d6280000,0x00000000d6429790,0x00000000d6480000)
  to   space 2048K, 0% used [0x00000000d6480000,0x00000000d6480000,0x00000000d6680000)
 ParOldGen       total 75264K, used 74979K [0x0000000080000000, 0x0000000084980000, 0x00000000d5580000)
  object space 75264K, 99% used [0x0000000080000000,0x0000000084938c48,0x0000000084980000)
 Metaspace       used 61919K, committed 63360K, reserved 1114112K
  class space    used 6595K, committed 7232K, reserved 1048576K
}

